<?xml version="1.0" encoding="UTF-8"?>
<!-- Generated by org.testng.reporters.JUnitXMLReporter -->
<testsuite hostname="SadakarP" ignored="0" name="Command line test" tests="0" failures="0" timestamp="2022-07-05T19:35:59 IST" time="0.104" errors="0">
  <testcase name="@BeforeClass setUpClass" time="0.071" classname="io.cucumber.testng.AbstractTestNGCucumberTests">
    <failure type="io.cucumber.core.exception.CucumberException" message="java.lang.NoSuchMethodError: java.io.PrintWriter.&amp;lt;init&amp;gt;(Ljava/io/OutputStream;ZLjava/nio/charset/Charset;)V">
      <![CDATA[io.cucumber.core.exception.CucumberException: java.lang.NoSuchMethodError: java.io.PrintWriter.<init>(Ljava/io/OutputStream;ZLjava/nio/charset/Charset;)V
at io.cucumber.core.plugin.PluginFactory.newInstance(PluginFactory.java:120)
at io.cucumber.core.plugin.PluginFactory.instantiate(PluginFactory.java:75)
at io.cucumber.core.plugin.PluginFactory.create(PluginFactory.java:63)
at io.cucumber.core.plugin.Plugins.createPlugins(Plugins.java:32)
at io.cucumber.core.plugin.Plugins.<init>(Plugins.java:25)
at io.cucumber.testng.TestNGCucumberRunner.<init>(TestNGCucumberRunner.java:108)
at io.cucumber.testng.AbstractTestNGCucumberTests.setUpClass(AbstractTestNGCucumberTests.java:27)
at java.util.ArrayList.forEach(ArrayList.java:1259)
Caused by: java.lang.NoSuchMethodError: java.io.PrintWriter.<init>(Ljava/io/OutputStream;ZLjava/nio/charset/Charset;)V
at io.cucumber.core.plugin.UTF8PrintWriter.<init>(UTF8PrintWriter.java:10)
at io.cucumber.core.plugin.PrettyFormatter.<init>(PrettyFormatter.java:59)
at io.cucumber.core.plugin.PluginFactory.newInstance(PluginFactory.java:116)
... 42 more
... Removed 39 stack frames]]>
    </failure>
  </testcase> <!-- @BeforeClass setUpClass -->
</testsuite> <!-- Command line test -->
