<?xml version="1.0" encoding="UTF-8"?>
<testng-results skipped="0" failed="0" ignored="0" total="2" passed="2">
  <reporter-output>
  </reporter-output>
  <suite name="Suite" duration-ms="30833" started-at="2022-07-06T20:20:47 IST" finished-at="2022-07-06T20:21:18 IST">
    <groups>
      <group name="cucumber">
        <method signature="AbstractTestNGCucumberTests.runScenario(io.cucumber.testng.PickleWrapper, io.cucumber.testng.FeatureWrapper)[pri:0, instance:com.sadakar.testng.runner.RunCucumberTest@56aac163]" name="runScenario" class="io.cucumber.testng.AbstractTestNGCucumberTests"/>
      </group> <!-- cucumber -->
    </groups>
    <test name="Test" duration-ms="30833" started-at="2022-07-06T20:20:47 IST" finished-at="2022-07-06T20:21:18 IST">
      <class name="com.sadakar.testng.runner.RunCucumberTest">
        <test-method status="PASS" signature="setUpClass(org.testng.ITestContext)[pri:0, instance:com.sadakar.testng.runner.RunCucumberTest@56aac163]" name="setUpClass" is-config="true" duration-ms="462" started-at="2022-07-06T20:20:47 IST" finished-at="2022-07-06T20:20:47 IST">
          <params>
            <param index="0">
              <value>
                <![CDATA[org.testng.TestRunner@164a62bf]]>
              </value>
            </param>
          </params>
          <reporter-output>
          </reporter-output>
        </test-method> <!-- setUpClass -->
        <test-method status="PASS" signature="runScenario(io.cucumber.testng.PickleWrapper, io.cucumber.testng.FeatureWrapper)[pri:0, instance:com.sadakar.testng.runner.RunCucumberTest@56aac163]" name="runScenario" duration-ms="14747" started-at="2022-07-06T20:20:47 IST" description="Runs Cucumber Scenarios" data-provider="scenarios" finished-at="2022-07-06T20:21:02 IST">
          <params>
            <param index="0">
              <value>
                <![CDATA["DashboardTabCountOfQuickLaunhElements"]]>
              </value>
            </param>
            <param index="1">
              <value>
                <![CDATA["Optional[Dashboard page]"]]>
              </value>
            </param>
          </params>
          <reporter-output>
          </reporter-output>
        </test-method> <!-- runScenario -->
        <test-method status="PASS" signature="runScenario(io.cucumber.testng.PickleWrapper, io.cucumber.testng.FeatureWrapper)[pri:0, instance:com.sadakar.testng.runner.RunCucumberTest@56aac163]" name="runScenario" duration-ms="12332" started-at="2022-07-06T20:21:02 IST" description="Runs Cucumber Scenarios" data-provider="scenarios" finished-at="2022-07-06T20:21:15 IST">
          <params>
            <param index="0">
              <value>
                <![CDATA["LoginValidCredentials"]]>
              </value>
            </param>
            <param index="1">
              <value>
                <![CDATA["Optional[Login to HRM Application]"]]>
              </value>
            </param>
          </params>
          <reporter-output>
          </reporter-output>
        </test-method> <!-- runScenario -->
        <test-method status="PASS" signature="tearDownClass()[pri:0, instance:com.sadakar.testng.runner.RunCucumberTest@56aac163]" name="tearDownClass" is-config="true" duration-ms="3260" started-at="2022-07-06T20:21:15 IST" finished-at="2022-07-06T20:21:18 IST">
          <reporter-output>
          </reporter-output>
        </test-method> <!-- tearDownClass -->
      </class> <!-- com.sadakar.testng.runner.RunCucumberTest -->
    </test> <!-- Test -->
  </suite> <!-- Suite -->
</testng-results>
